<?xml version="1.0" encoding="UTF-8"?>
<!-- Generated by org.testng.reporters.JUnitReportReporter -->
<testsuite hostname="host-1" name="com.tests.SampleTest" tests="1" failures="0" timestamp="17 Jun 2016 09:59:27 GMT" time="93.868" errors="0">
  <testcase name="Login" time="93.868" classname="com.tests.SampleTest"/>
</testsuite> <!-- com.tests.SampleTest -->
