<?xml version="1.0" encoding="UTF-8"?>
<!-- Generated by org.testng.reporters.JUnitReportReporter -->
<testsuite hostname="MYSHEC122757L" name="com.tests.SampleTest" tests="1" failures="0" timestamp="5 Jan 2016 10:16:55 GMT" time="91.713" errors="0">
  <testcase name="Login" time="91.713" classname="com.tests.SampleTest"/>
</testsuite> <!-- com.tests.SampleTest -->
