<?xml version="1.0" encoding="UTF-8"?>
<!-- Generated by org.testng.reporters.JUnitReportReporter -->
<testsuite hostname="host-1" name="com.tests.SampleTest" tests="1" failures="0" timestamp="16 Jun 2016 03:50:58 GMT" time="113.847" errors="0">
  <testcase name="Login" time="113.847" classname="com.tests.SampleTest"/>
</testsuite> <!-- com.tests.SampleTest -->
